<?xml version="1.0" encoding="UTF-8"?>
<!-- Generated by org.testng.reporters.JUnitXMLReporter -->
<testsuite ignored="0" hostname="DESKTOP-1EIV60U" failures="1" tests="1" name="Test" time="33.528" errors="0" timestamp="2022-12-28T16:04:18 IST">
  <testcase classname="testCase.TestPage" name="menusLink" time="23.755">
    <failure type="java.lang.AssertionError" message="Failed to clickAddToCart expected [false] but found [true]">
      <![CDATA[java.lang.AssertionError: Failed to clickAddToCart expected [false] but found [true]
at testCase.TestPage.menusLink(TestPage.java:38)
at java.base/java.util.ArrayList.forEach(ArrayList.java:1511)
... Removed 32 stack frames]]>
    </failure>
  </testcase> <!-- menusLink -->
</testsuite> <!-- Test -->
